500
0 0.0013000965 0.0011365532875061036 0.0010396242
500
1 0.0013000965 0.001132308006286621 0.0010396242
500
2 0.0013000965 0.0011459484100341797 0.0010396242
500
3 0.0013000965 0.0011624356508255006 0.0010396242
500
4 0.0013000965 0.00117203688621521 0.0010396242
500
5 0.0013000965 0.001183639645576477 0.0010396242
500
6 0.0013000965 0.0011892721652984619 0.0010396242
500
7 0.0013000965 0.0011972999572753907 0.0010396242
500
8 0.0013000965 0.0012116219997406006 0.0010396242
500
9 0.0013000965 0.0012099686861038207 0.0010396242
500
10 0.0013000965 0.0012149338722229003 0.0010396242
500
11 0.0013000965 0.0012245854139328002 0.0010396242
500
12 0.0013000965 0.0012344411611557007 0.0010396242
500
13 0.0013000965 0.0012414342164993287 0.0010396242
500
14 0.0013000965 0.0012453839778900147 0.0010396242
500
15 0.0013000965 0.001253223180770874 0.0010396242
500
16 0.0013000965 0.0012627925872802735 0.0010396242
500
17 0.0013000965 0.001269291043281555 0.0010396242
500
18 0.0013000965 0.0012712937593460083 0.0010396242
500
19 0.0013000965 0.0012728565931320191 0.0010396242
500
20 0.0013000965 0.0012770577669143676 0.0010396242
500
21 0.0013000965 0.0012744752168655396 0.0010396242
500
22 0.0013000965 0.001278271198272705 0.0010396242
500
23 0.0013000965 0.0012800854444503784 0.0010396242
500
24 0.0013000965 0.0012821944952011108 0.0010396242
500
25 0.0013000965 0.001284355044364929 0.0010396242
500
26 0.0013000965 0.0012886593341827394 0.0010396242
500
27 0.0013000965 0.0012889708280563355 0.0010396242
500
28 0.0013000965 0.0012840783596038817 0.0010396242
500
29 0.0013000965 0.001284658193588257 0.0011164546
500
30 0.0013000965 0.0012888424396514892 0.0011164546
500
31 0.0013000965 0.0012911608219146728 0.0011164546
500
